<?xml version="1.0" encoding="UTF-8"?>
<!-- Generated by org.testng.reporters.JUnitXMLReporter -->
<testsuite hostname="DESKTOP-LS8DMLH" ignored="0" name="Bank Manager Login  Test" tests="1" failures="1" timestamp="05 Sep 2018 14:53:56 GMT" time="1.467" errors="0">
  <testcase name="loginAsBankManager" time="0.901" classname="com.mj.testcases.BankManagerLoginTest">
    <failure type="java.lang.AssertionError" message="Login not successfull">
      <![CDATA[java.lang.AssertionError: Login not successfull
	at com.mj.testcases.BankManagerLoginTest.loginAsBankManager(BankManagerLoginTest.java:23)
... Removed 29 stack frames]]>
    </failure>
  </testcase> <!-- loginAsBankManager -->
</testsuite> <!-- Bank Manager Login  Test -->
