<?xml version="1.0" encoding="UTF-8"?>
<!-- Generated by org.testng.reporters.JUnitXMLReporter -->
<testsuite hostname="DESKTOP-LS8DMLH" ignored="0" name="Bank Manager Login  Test" tests="1" failures="1" timestamp="16 Apr 2019 17:43:17 GMT" time="5.483" errors="0">
  <testcase name="loginAsBankManager" time="4.124" classname="com.mj.testcases.BankManagerLoginTest">
    <failure type="java.lang.AssertionError" message="Login not successfull">
      <![CDATA[java.lang.AssertionError: Login not successfull
	at com.mj.testcases.BankManagerLoginTest.loginAsBankManager(BankManagerLoginTest.java:23)
... Removed 26 stack frames]]>
    </failure>
  </testcase> <!-- loginAsBankManager -->
</testsuite> <!-- Bank Manager Login  Test -->
