<?xml version="1.0" encoding="UTF-8"?>
<!-- Generated by org.testng.reporters.JUnitXMLReporter -->
<testsuite hostname="DESKTOP-LS8DMLH" ignored="0" name="Login Test" tests="1" failures="1" timestamp="28 Jun 2019 18:54:00 GMT" time="0.407" errors="0">
  <testcase name="addCustomer" time="0.0" classname="com.mj.testcases.UserLogin">
    <failure type="org.testng.TestNGException" message="
Cannot inject @Test annotated Method [addCustomer] with [class java.lang.String, class java.lang.String].
For more information on native dependency injection please refer to http://testng.org/doc/documentation-main.html#native-dependency-injection">
      <![CDATA[org.testng.TestNGException: 
Cannot inject @Test annotated Method [addCustomer] with [class java.lang.String, class java.lang.String].
For more information on native dependency injection please refer to http://testng.org/doc/documentation-main.html#native-dependency-injection
... Removed 24 stack frames]]>
    </failure>
  </testcase> <!-- addCustomer -->
</testsuite> <!-- Login Test -->
